<?xml version="1.0" encoding="UTF-8"?>
<testng-results skipped="0" failed="0" total="0" passed="0">
  <reporter-output>
  </reporter-output>
  <suite name="Surefire suite" duration-ms="2310" started-at="2017-06-24T19:04:59Z" finished-at="2017-06-24T19:05:01Z">
    <groups>
    </groups>
    <test name="Surefire test" duration-ms="2310" started-at="2017-06-24T19:04:59Z" finished-at="2017-06-24T19:05:01Z">
      <class name="com.info.TestBase.TestBase">
        <test-method status="PASS" signature="Reportsetup()[pri:0, instance:com.info.TestBase.TestBase@1b64c45]" name="Reportsetup" is-config="true" duration-ms="2142" started-at="2017-06-25T00:34:57Z" finished-at="2017-06-25T00:34:59Z">
          <reporter-output>
          </reporter-output>
        </test-method> <!-- Reportsetup -->
        <test-method status="PASS" signature="endTest()[pri:0, instance:com.info.TestBase.TestBase@1b64c45]" name="endTest" is-config="true" duration-ms="2245" started-at="2017-06-25T00:34:59Z" finished-at="2017-06-25T00:35:01Z">
          <reporter-output>
          </reporter-output>
        </test-method> <!-- endTest -->
      </class> <!-- com.info.TestBase.TestBase -->
    </test> <!-- Surefire test -->
  </suite> <!-- Surefire suite -->
</testng-results>
